<?xml version="1.0" encoding="UTF-8"?>
<!-- Generated by org.testng.reporters.JUnitReportReporter -->
<testsuite hostname="techcirclesMini" failures="0" tests="3" name="testNG_day1.prioritizeTests" time="0.004" errors="0" timestamp="2023-09-05T21:54:22 EDT" skipped="0">
  <testcase classname="testNG_day1.prioritizeTests" name="loginWithInvalidUsernameInvalidPassword" time="0.001"/>
  <system-out/>
  <testcase classname="testNG_day1.prioritizeTests" name="loginWithValidUsernameValidPassword" time="0.001"/>
  <system-out/>
  <testcase classname="testNG_day1.prioritizeTests" name="loginWithInvalidEmailFormat" time="0.002"/>
  <system-out/>
</testsuite> <!-- testNG_day1.prioritizeTests -->
