<?xml version="1.0" encoding="UTF-8"?>
<!-- Generated by org.testng.reporters.JUnitReportReporter -->
<testsuite hostname="techcirclesMini" failures="0" tests="1" name="testNG_day2.params" time="0.014" errors="0" timestamp="2023-09-06T19:52:52 EDT" skipped="0">
  <testcase classname="testNG_day2.params" name="Sum" time="0.014"/>
  <system-out/>
</testsuite> <!-- testNG_day2.params -->
