<?xml version="1.0" encoding="UTF-8"?>
<!-- Generated by org.testng.reporters.JUnitReportReporter -->
<testsuite hostname="techcirclesMini" failures="0" tests="1" name="testNG_day2.Multiplication" time="0.012" errors="0" timestamp="2023-09-06T20:16:28 EDT" skipped="0">
  <testcase classname="testNG_day2.Multiplication" name="multiply" time="0.012"/>
  <system-out/>
</testsuite> <!-- testNG_day2.Multiplication -->
