<?xml version="1.0" encoding="UTF-8"?>
<!-- Generated by org.testng.reporters.JUnitReportReporter -->
<testsuite hostname="techcirclesMini" failures="0" tests="2" name="testNG_day3.ParallelTest" time="18.759" errors="0" timestamp="2023-09-07T21:07:28 EDT" skipped="0">
  <testcase classname="testNG_day3.ParallelTest" name="ChromeTest" time="13.997"/>
  <system-out/>
  <testcase classname="testNG_day3.ParallelTest" name="safariTest" time="4.762"/>
  <system-out/>
</testsuite> <!-- testNG_day3.ParallelTest -->
