<?xml version="1.0" encoding="UTF-8"?>
<!-- Generated by org.testng.reporters.JUnitReportReporter -->
<testsuite hostname="techcirclesMini" failures="0" tests="7" name="testNG_day2.dependencyTestUsingAnnotation" time="0.023" errors="0" timestamp="2023-09-06T19:29:45 EDT" skipped="0">
  <testcase classname="testNG_day2.dependencyTestUsingAnnotation" name="shaffyTest" time="0.001"/>
  <system-out/>
  <testcase classname="testNG_day2.dependencyTestUsingAnnotation" name="testPrintMessage" time="0.001"/>
  <system-out/>
  <testcase classname="testNG_day2.dependencyTestUsingAnnotation" name="GianTest" time="0.001"/>
  <system-out/>
  <testcase classname="testNG_day2.dependencyTestUsingAnnotation" name="alexTest" time="0.004"/>
  <system-out/>
  <testcase classname="testNG_day2.dependencyTestUsingAnnotation" name="EverTest" time="0.005"/>
  <system-out/>
  <testcase classname="testNG_day2.dependencyTestUsingAnnotation" name="anotherBoringMethod" time="0.005"/>
  <system-out/>
  <testcase classname="testNG_day2.dependencyTestUsingAnnotation" name="environmentTest" time="0.006"/>
  <system-out/>
</testsuite> <!-- testNG_day2.dependencyTestUsingAnnotation -->
