<?xml version="1.0" encoding="UTF-8"?>
<!-- Generated by org.testng.reporters.JUnitReportReporter -->
<testsuite hostname="techcirclesMini" failures="0" tests="1" name="testNG_day1.runningTestSample" time="0.008" errors="0" timestamp="2023-09-05T21:54:22 EDT" skipped="0">
  <testcase classname="testNG_day1.runningTestSample" name="test2" time="0.008"/>
  <system-out/>
</testsuite> <!-- testNG_day1.runningTestSample -->
