<?xml version="1.0" encoding="UTF-8"?>
<!-- Generated by org.testng.reporters.JUnitReportReporter -->
<testsuite hostname="techcirclesMini" failures="0" tests="1" name="testNG_day3.TestingMyListeners" time="32.843" errors="0" timestamp="2023-09-11T20:15:54 EDT" skipped="0">
  <testcase classname="testNG_day3.TestingMyListeners" name="openBrowser" time="32.843"/>
  <system-out/>
</testsuite> <!-- testNG_day3.TestingMyListeners -->
