<?xml version="1.0" encoding="UTF-8"?>
<!-- Generated by org.testng.reporters.JUnitReportReporter -->
<testsuite hostname="techcirclesMini" failures="0" tests="1" name="testNG_day2.assertionsTesting" time="0.016" errors="0" timestamp="2023-09-06T20:34:29 EDT" skipped="0">
  <testcase classname="testNG_day2.assertionsTesting" name="test1" time="0.016"/>
  <system-out>
    <![CDATA[Verifying the tile of the page]]>
  </system-out>
</testsuite> <!-- testNG_day2.assertionsTesting -->
