<?xml version="1.0" encoding="UTF-8"?>
<!-- Generated by org.testng.reporters.JUnitReportReporter -->
<testsuite hostname="techcirclesMini" failures="0" tests="5" name="testNG_day2.groupingTests" time="0.024" errors="0" timestamp="2023-09-06T19:29:45 EDT" skipped="0">
  <testcase classname="testNG_day2.groupingTests" name="GianTest" time="0.005"/>
  <system-out/>
  <testcase classname="testNG_day2.groupingTests" name="anotherBoringMethod" time="0.003"/>
  <system-out/>
  <testcase classname="testNG_day2.groupingTests" name="alexTest" time="0.001"/>
  <system-out/>
  <testcase classname="testNG_day2.groupingTests" name="EverTest" time="0.013"/>
  <system-out/>
  <testcase classname="testNG_day2.groupingTests" name="shaffyTest" time="0.002"/>
  <system-out/>
</testsuite> <!-- testNG_day2.groupingTests -->
